<?xml version="1.0" encoding="UTF-8"?>
<testsuite xmlns:xsi="http://www.w3.org/2001/XMLSchema-instance" xsi:noNamespaceSchemaLocation="https://maven.apache.org/surefire/maven-surefire-plugin/xsd/surefire-test-report-3.0.xsd" version="3.0" name="TestSuite" time="2.396" tests="1" errors="0" skipped="0" failures="0">
  <properties>
    <property name="sun.desktop" value="windows"/>
    <property name="awt.toolkit" value="sun.awt.windows.WToolkit"/>
    <property name="file.encoding.pkg" value="sun.io"/>
    <property name="java.specification.version" value="1.8"/>
    <property name="sun.cpu.isalist" value="amd64"/>
    <property name="sun.jnu.encoding" value="Cp1252"/>
    <property name="java.class.path" value="C:\Users\gunja\eclipse-workspace\SimpleSolutionLearnJenkins\target\test-classes;C:\Users\gunja\eclipse-workspace\SimpleSolutionLearnJenkins\target\classes;C:\WINDOWS\system32\config\systemprofile\.m2\repository\org\testng\testng\6.14.3\testng-6.14.3.jar;C:\WINDOWS\system32\config\systemprofile\.m2\repository\com\beust\jcommander\1.72\jcommander-1.72.jar;C:\WINDOWS\system32\config\systemprofile\.m2\repository\org\apache-extras\beanshell\bsh\2.0b6\bsh-2.0b6.jar;"/>
    <property name="java.vm.vendor" value="Oracle Corporation"/>
    <property name="sun.arch.data.model" value="64"/>
    <property name="user.variant" value=""/>
    <property name="java.vendor.url" value="http://java.oracle.com/"/>
    <property name="user.timezone" value="Asia/Calcutta"/>
    <property name="java.vm.specification.version" value="1.8"/>
    <property name="os.name" value="Windows 10"/>
    <property name="user.country" value="IN"/>
    <property name="sun.java.launcher" value="SUN_STANDARD"/>
    <property name="suiteFileName" value="testng2.xml"/>
    <property name="sun.boot.library.path" value="C:\ProgramData\Jenkins\.jenkins\tools\hudson.model.JDK\jre\bin"/>
    <property name="sun.java.command" value="C:\Windows\Temp\surefire5487922840555261907\surefirebooter7913376186724096389.jar C:\Windows\Temp\surefire5487922840555261907 2022-07-23T19-21-43_414-jvmRun1 surefire6441009495794782012tmp surefire_07603882618105087997tmp"/>
    <property name="surefire.test.class.path" value="C:\Users\gunja\eclipse-workspace\SimpleSolutionLearnJenkins\target\test-classes;C:\Users\gunja\eclipse-workspace\SimpleSolutionLearnJenkins\target\classes;C:\WINDOWS\system32\config\systemprofile\.m2\repository\org\testng\testng\6.14.3\testng-6.14.3.jar;C:\WINDOWS\system32\config\systemprofile\.m2\repository\com\beust\jcommander\1.72\jcommander-1.72.jar;C:\WINDOWS\system32\config\systemprofile\.m2\repository\org\apache-extras\beanshell\bsh\2.0b6\bsh-2.0b6.jar;"/>
    <property name="sun.cpu.endian" value="little"/>
    <property name="user.home" value="C:\WINDOWS\system32\config\systemprofile"/>
    <property name="user.language" value="en"/>
    <property name="java.specification.vendor" value="Oracle Corporation"/>
    <property name="java.home" value="C:\ProgramData\Jenkins\.jenkins\tools\hudson.model.JDK\jre"/>
    <property name="basedir" value="C:\Users\gunja\eclipse-workspace\SimpleSolutionLearnJenkins"/>
    <property name="file.separator" value="\"/>
    <property name="line.separator" value="&#10;"/>
    <property name="java.vm.specification.vendor" value="Oracle Corporation"/>
    <property name="java.specification.name" value="Java Platform API Specification"/>
    <property name="java.awt.graphicsenv" value="sun.awt.Win32GraphicsEnvironment"/>
    <property name="surefire.real.class.path" value="C:\Windows\Temp\surefire5487922840555261907\surefirebooter7913376186724096389.jar"/>
    <property name="sun.boot.class.path" value="C:\ProgramData\Jenkins\.jenkins\tools\hudson.model.JDK\jre\lib\resources.jar;C:\ProgramData\Jenkins\.jenkins\tools\hudson.model.JDK\jre\lib\rt.jar;C:\ProgramData\Jenkins\.jenkins\tools\hudson.model.JDK\jre\lib\sunrsasign.jar;C:\ProgramData\Jenkins\.jenkins\tools\hudson.model.JDK\jre\lib\jsse.jar;C:\ProgramData\Jenkins\.jenkins\tools\hudson.model.JDK\jre\lib\jce.jar;C:\ProgramData\Jenkins\.jenkins\tools\hudson.model.JDK\jre\lib\charsets.jar;C:\ProgramData\Jenkins\.jenkins\tools\hudson.model.JDK\jre\lib\jfr.jar;C:\ProgramData\Jenkins\.jenkins\tools\hudson.model.JDK\jre\classes"/>
    <property name="user.script" value=""/>
    <property name="sun.management.compiler" value="HotSpot 64-Bit Tiered Compilers"/>
    <property name="java.runtime.version" value="1.8.0_221-b11"/>
    <property name="user.name" value="LAPTOP-N6PADTDN$"/>
    <property name="path.separator" value=";"/>
    <property name="os.version" value="10.0"/>
    <property name="java.endorsed.dirs" value="C:\ProgramData\Jenkins\.jenkins\tools\hudson.model.JDK\jre\lib\endorsed"/>
    <property name="java.runtime.name" value="Java(TM) SE Runtime Environment"/>
    <property name="file.encoding" value="Cp1252"/>
    <property name="java.vm.name" value="Java HotSpot(TM) 64-Bit Server VM"/>
    <property name="localRepository" value="C:\WINDOWS\system32\config\systemprofile\.m2\repository"/>
    <property name="java.vendor.url.bug" value="http://bugreport.sun.com/bugreport/"/>
    <property name="java.io.tmpdir" value="C:\WINDOWS\TEMP\"/>
    <property name="java.version" value="1.8.0_221"/>
    <property name="user.dir" value="C:\Users\gunja\eclipse-workspace\SimpleSolutionLearnJenkins"/>
    <property name="os.arch" value="amd64"/>
    <property name="java.vm.specification.name" value="Java Virtual Machine Specification"/>
    <property name="browsername" value="firefox"/>
    <property name="java.awt.printerjob" value="sun.awt.windows.WPrinterJob"/>
    <property name="sun.os.patch.level" value=""/>
    <property name="java.library.path" value="C:\ProgramData\Jenkins\.jenkins\tools\hudson.model.JDK\jre\bin;C:\WINDOWS\Sun\Java\bin;C:\WINDOWS\system32;C:\WINDOWS;C:\ProgramData\Jenkins\.jenkins\tools\hudson.model.JDK/bin;C:\ProgramData\Jenkins\.jenkins\tools\hudson.model.JDK/bin;C:\Program Files (x86)\Common Files\Oracle\Java\javapath;C:\Program Files\Java\jdk1.8.0_311\bin;C:\WINDOWS\system32;C:\WINDOWS;C:\WINDOWS\System32\Wbem;C:\WINDOWS\System32\WindowsPowerShell\v1.0\;C:\WINDOWS\System32\OpenSSH\;C:\Program Files\Git\cmd;C:\Users\gunja\apache-maven-3.8.2\bin;C:\Users\gunja\AppData\Local\Android\Sdk\platform-tools;C:\Users\gunja\AppData\Local\Android\Sdk\tools;C:\Program Files\nodejs\;C:\Program Files\Git\bin;C:\Users\gunja\AppData\Local\Programs\Python\Python310;C:\Users\gunja\AppData\Local\Android\Sdk\tools\bin;C:\Users\gunja\apache-ant-1.10.12-bin\apache-ant-1.10.12\bin;C:\WINDOWS\system32\config\systemprofile\AppData\Local\Microsoft\WindowsApps;."/>
    <property name="java.vm.info" value="mixed mode"/>
    <property name="java.vendor" value="Oracle Corporation"/>
    <property name="java.vm.version" value="25.221-b11"/>
    <property name="java.ext.dirs" value="C:\ProgramData\Jenkins\.jenkins\tools\hudson.model.JDK\jre\lib\ext;C:\WINDOWS\Sun\Java\lib\ext"/>
    <property name="sun.io.unicode.encoding" value="UnicodeLittle"/>
    <property name="java.class.version" value="52.0"/>
  </properties>
  <testcase name="OpenBrowser" classname="package1.ParametrisedClass" time="0.018"/>
</testsuite>