<?xml version="1.0" encoding="UTF-8"?>
<!-- Generated by org.testng.reporters.JUnitReportReporter -->
<testsuite skipped="0" hostname="LAPTOP-N6PADTDN" name="package1.ParametrisedClass" tests="1" failures="0" timestamp="23 Jul 2022 13:51:46 GMT" time="0.017" errors="0">
  <testcase name="OpenBrowser" time="0.017" classname="package1.ParametrisedClass"/>
</testsuite> <!-- package1.ParametrisedClass -->
